Using pre-set license

 COMMAND LINE ARGUMENTS:
/Applications/Unity/2020.3.10f1/Unity.app/Contents/MacOS/Unity
-adb2
-batchMode
-noUpm
-name
AssetImportWorker0
-projectPath
/Users/benefrat/Projects/RTSProject
-logFile
Logs/AssetImportWorker0.log
-srvPort
50758
Successfully changed project path to: /Users/benefrat/Projects/RTSProject
/Users/benefrat/Projects/RTSProject
Using Asset Import Pipeline V2.
Refreshing native plugins compatible for Editor in 63.23 ms, found 2 plugins.
Preloading 0 native plugins for Editor in 0.00 ms.
Initialize engine version: 2020.3.10f1 (297d780c91bc)
[Subsystems] Discovering subsystems at path /Applications/Unity/2020.3.10f1/Unity.app/Contents/Resources/UnitySubsystems
[Subsystems] Discovering subsystems at path /Users/benefrat/Projects/RTSProject/Assets
GfxDevice: creating device client; threaded=0
2021-12-15 22:33:36.385 Unity[1699:52089] Color LCD preferred device: AMD Radeon Pro 5500M (high power)
2021-12-15 22:33:36.385 Unity[1699:52089] Metal devices available: 2
2021-12-15 22:33:36.385 Unity[1699:52089] 0: AMD Radeon Pro 5500M (high power)
2021-12-15 22:33:36.385 Unity[1699:52089] 1: Intel(R) UHD Graphics 630 (low power)
2021-12-15 22:33:36.385 Unity[1699:52089] Using device AMD Radeon Pro 5500M (high power)
Initializing Metal device caps: AMD Radeon Pro 5500M
Initialize mono
Mono path[0] = '/Applications/Unity/2020.3.10f1/Unity.app/Contents/Managed'
Mono path[1] = '/Applications/Unity/2020.3.10f1/Unity.app/Contents/MonoBleedingEdge/lib/mono/unityjit'
Mono config path = '/Applications/Unity/2020.3.10f1/Unity.app/Contents/MonoBleedingEdge/etc'
Using monoOptions --debugger-agent=transport=dt_socket,embedding=1,server=y,suspend=n,address=127.0.0.1:56699
Begin MonoManager ReloadAssembly
Registering precompiled unity dll's ...
Register platform support module: /Applications/Unity/2020.3.10f1/Unity.app/Contents/PlaybackEngines/MacStandaloneSupport/UnityEditor.OSXStandalone.Extensions.dll
Registered in 0.000574 seconds.
Native extension for OSXStandalone target not found
Refreshing native plugins compatible for Editor in 61.04 ms, found 2 plugins.
Preloading 0 native plugins for Editor in 0.00 ms.
Mono: successfully reloaded assembly
- Completed reload, in  2.633 seconds
Platform modules already initialized, skipping
Registering precompiled user dll's ...
Registered in 0.002120 seconds.
Begin MonoManager ReloadAssembly
Native extension for OSXStandalone target not found
Refreshing native plugins compatible for Editor in 59.92 ms, found 2 plugins.
Preloading 0 native plugins for Editor in 0.00 ms.
Mono: successfully reloaded assembly
- Completed reload, in  1.342 seconds
Platform modules already initialized, skipping
========================================================================
Worker process is ready to serve import requests
Shader 'Universal Render Pipeline/Particles/Lit': fallback shader 'Universal Render Pipeline/Particles/SimpleLit' not found
Shader 'Universal Render Pipeline/Particles/Lit': fallback shader 'Universal Render Pipeline/Particles/SimpleLit' not found
Launching external process: /Applications/Unity/2020.3.10f1/Unity.app/Contents/Tools/UnityShaderCompiler
Launched and connected shader compiler UnityShaderCompiler after 0.01 seconds
Refreshing native plugins compatible for Editor in 0.55 ms, found 2 plugins.
Preloading 0 native plugins for Editor in 0.00 ms.
Unloading 3473 Unused Serialized files (Serialized files now loaded: 0)
System memory in use before: 285.3 MB.
System memory in use after: 280.2 MB.

Unloading 84 unused Assets to reduce memory usage. Loaded Objects now: 3848.
Total: 5.853876 ms (FindLiveObjects: 0.319207 ms CreateObjectMapping: 0.146516 ms MarkObjects: 2.117791 ms  DeleteObjects: 3.269606 ms)

========================================================================
Received Import Request.
  path: Assets/Sprites
  artifactKey: Guid(415396d00bcc64206868904c477c6b0e) Importer(815301076,1909f56bfc062723c751e8b465ee728b)
Start importing Assets/Sprites using Guid(415396d00bcc64206868904c477c6b0e) Importer(815301076,1909f56bfc062723c751e8b465ee728b)  -> (artifact id: 'f24219597f0f34bf94b01b068b122bae') in 0.004964 seconds
  Import took 0.009472 seconds .

========================================================================
Received Import Request.
  Time since last request: 51.428737 seconds.
  path: Assets/Sprites/New Physics Material 2D.physicsMaterial2D
  artifactKey: Guid(20b06d451bfc4457d82ea746e6a55743) Importer(815301076,1909f56bfc062723c751e8b465ee728b)
Start importing Assets/Sprites/New Physics Material 2D.physicsMaterial2D using Guid(20b06d451bfc4457d82ea746e6a55743) Importer(815301076,1909f56bfc062723c751e8b465ee728b)  -> (artifact id: '66feda3f7f9e777e8fc13e2ade5d4556') in 0.748305 seconds
  Import took 0.753112 seconds .

========================================================================
Received Prepare
Registering precompiled user dll's ...
Registered in 0.002737 seconds.
Begin MonoManager ReloadAssembly
Native extension for OSXStandalone target not found
Refreshing native plugins compatible for Editor in 0.64 ms, found 2 plugins.
Preloading 0 native plugins for Editor in 0.00 ms.
Mono: successfully reloaded assembly
- Completed reload, in  1.398 seconds
Platform modules already initialized, skipping
Shader 'Universal Render Pipeline/Particles/Lit': fallback shader 'Universal Render Pipeline/Particles/SimpleLit' not found
Shader 'Universal Render Pipeline/Particles/Lit': fallback shader 'Universal Render Pipeline/Particles/SimpleLit' not found
Refreshing native plugins compatible for Editor in 1.52 ms, found 2 plugins.
Preloading 0 native plugins for Editor in 0.00 ms.
Unloading 3530 Unused Serialized files (Serialized files now loaded: 0)
System memory in use before: 291.8 MB.
System memory in use after: 286.7 MB.

Unloading 79 unused Assets to reduce memory usage. Loaded Objects now: 3984.
Total: 6.769956 ms (FindLiveObjects: 0.343303 ms CreateObjectMapping: 0.240150 ms MarkObjects: 2.688795 ms  DeleteObjects: 3.496540 ms)

========================================================================
Received Import Request.
  Time since last request: 122.049073 seconds.
  path: Assets/Sprites/Circle.png
  artifactKey: Guid(a548463225f40407bb3f1f1d9aefb131) Importer(815301076,1909f56bfc062723c751e8b465ee728b)
Start importing Assets/Sprites/Circle.png using Guid(a548463225f40407bb3f1f1d9aefb131) Importer(815301076,1909f56bfc062723c751e8b465ee728b)  -> (artifact id: '7e16d060048ea352ed36625085214284') in 0.689122 seconds
  Import took 0.694128 seconds .

========================================================================
Received Prepare
Registering precompiled user dll's ...
Registered in 0.002454 seconds.
Begin MonoManager ReloadAssembly
Native extension for OSXStandalone target not found
Refreshing native plugins compatible for Editor in 0.59 ms, found 2 plugins.
Preloading 0 native plugins for Editor in 0.00 ms.
Mono: successfully reloaded assembly
- Completed reload, in  1.224 seconds
Platform modules already initialized, skipping
Shader 'Universal Render Pipeline/Particles/Lit': fallback shader 'Universal Render Pipeline/Particles/SimpleLit' not found
Shader 'Universal Render Pipeline/Particles/Lit': fallback shader 'Universal Render Pipeline/Particles/SimpleLit' not found
Refreshing native plugins compatible for Editor in 0.57 ms, found 2 plugins.
Preloading 0 native plugins for Editor in 0.00 ms.
Unloading 3531 Unused Serialized files (Serialized files now loaded: 0)
System memory in use before: 299.7 MB.
System memory in use after: 294.6 MB.

Unloading 79 unused Assets to reduce memory usage. Loaded Objects now: 3993.
Total: 5.487103 ms (FindLiveObjects: 0.282093 ms CreateObjectMapping: 0.136162 ms MarkObjects: 1.962014 ms  DeleteObjects: 3.106224 ms)

========================================================================
Received Prepare
Registering precompiled user dll's ...
Registered in 0.002530 seconds.
Begin MonoManager ReloadAssembly
Native extension for OSXStandalone target not found
Refreshing native plugins compatible for Editor in 0.58 ms, found 2 plugins.
Preloading 0 native plugins for Editor in 0.00 ms.
Mono: successfully reloaded assembly
- Completed reload, in  1.206 seconds
Platform modules already initialized, skipping
Shader 'Universal Render Pipeline/Particles/Lit': fallback shader 'Universal Render Pipeline/Particles/SimpleLit' not found
Shader 'Universal Render Pipeline/Particles/Lit': fallback shader 'Universal Render Pipeline/Particles/SimpleLit' not found
Refreshing native plugins compatible for Editor in 0.58 ms, found 2 plugins.
Preloading 0 native plugins for Editor in 0.00 ms.
Unloading 3531 Unused Serialized files (Serialized files now loaded: 0)
System memory in use before: 300.1 MB.
System memory in use after: 295.0 MB.

Unloading 79 unused Assets to reduce memory usage. Loaded Objects now: 3995.
Total: 6.151839 ms (FindLiveObjects: 0.315974 ms CreateObjectMapping: 0.156241 ms MarkObjects: 2.185720 ms  DeleteObjects: 3.493090 ms)

========================================================================
Received Prepare
Registering precompiled user dll's ...
Registered in 0.002405 seconds.
Begin MonoManager ReloadAssembly
Native extension for OSXStandalone target not found
Refreshing native plugins compatible for Editor in 0.61 ms, found 2 plugins.
Preloading 0 native plugins for Editor in 0.00 ms.
Mono: successfully reloaded assembly
- Completed reload, in  1.161 seconds
Platform modules already initialized, skipping
Shader 'Universal Render Pipeline/Particles/Lit': fallback shader 'Universal Render Pipeline/Particles/SimpleLit' not found
Shader 'Universal Render Pipeline/Particles/Lit': fallback shader 'Universal Render Pipeline/Particles/SimpleLit' not found
Refreshing native plugins compatible for Editor in 1.02 ms, found 2 plugins.
Preloading 0 native plugins for Editor in 0.00 ms.
Unloading 3531 Unused Serialized files (Serialized files now loaded: 0)
System memory in use before: 300.5 MB.
System memory in use after: 295.3 MB.

Unloading 79 unused Assets to reduce memory usage. Loaded Objects now: 3997.
Total: 6.462286 ms (FindLiveObjects: 0.334075 ms CreateObjectMapping: 0.158326 ms MarkObjects: 2.283068 ms  DeleteObjects: 3.686124 ms)

========================================================================
Received Prepare
Registering precompiled user dll's ...
Registered in 0.002939 seconds.
Begin MonoManager ReloadAssembly
Native extension for OSXStandalone target not found
Refreshing native plugins compatible for Editor in 0.58 ms, found 2 plugins.
Preloading 0 native plugins for Editor in 0.00 ms.
Mono: successfully reloaded assembly
- Completed reload, in  1.264 seconds
Platform modules already initialized, skipping
Shader 'Universal Render Pipeline/Particles/Lit': fallback shader 'Universal Render Pipeline/Particles/SimpleLit' not found
Shader 'Universal Render Pipeline/Particles/Lit': fallback shader 'Universal Render Pipeline/Particles/SimpleLit' not found
Refreshing native plugins compatible for Editor in 0.57 ms, found 2 plugins.
Preloading 0 native plugins for Editor in 0.00 ms.
Unloading 3531 Unused Serialized files (Serialized files now loaded: 0)
System memory in use before: 300.7 MB.
System memory in use after: 295.6 MB.

Unloading 79 unused Assets to reduce memory usage. Loaded Objects now: 3999.
Total: 6.519910 ms (FindLiveObjects: 0.323741 ms CreateObjectMapping: 0.161490 ms MarkObjects: 2.230235 ms  DeleteObjects: 3.803622 ms)

========================================================================
Received Prepare
Registering precompiled user dll's ...
Registered in 0.002644 seconds.
Begin MonoManager ReloadAssembly
Native extension for OSXStandalone target not found
Refreshing native plugins compatible for Editor in 0.69 ms, found 2 plugins.
Preloading 0 native plugins for Editor in 0.00 ms.
Mono: successfully reloaded assembly
- Completed reload, in  1.342 seconds
Platform modules already initialized, skipping
Shader 'Universal Render Pipeline/Particles/Lit': fallback shader 'Universal Render Pipeline/Particles/SimpleLit' not found
Shader 'Universal Render Pipeline/Particles/Lit': fallback shader 'Universal Render Pipeline/Particles/SimpleLit' not found
Refreshing native plugins compatible for Editor in 0.67 ms, found 2 plugins.
Preloading 0 native plugins for Editor in 0.00 ms.
Unloading 3531 Unused Serialized files (Serialized files now loaded: 0)
System memory in use before: 301.0 MB.
System memory in use after: 296.0 MB.

Unloading 79 unused Assets to reduce memory usage. Loaded Objects now: 4001.
Total: 6.424444 ms (FindLiveObjects: 0.321900 ms CreateObjectMapping: 0.154839 ms MarkObjects: 2.166452 ms  DeleteObjects: 3.780391 ms)

